<?xml version="1.0" encoding="UTF-8"?>
<testsuite name="runner.TestRunner" time="0.004" tests="7" errors="0" skipped="0" failures="0">
  <properties>
[...]
</properties>
  <testcase name="Given I open chrome browser" classname="Scenario: login using valid credentials" time="0.004"/>
  <testcase name="And I go to salesforce home page" classname="Scenario: login using valid credentials" time="0"/>
  <testcase name="And I enter username" classname="Scenario: login using valid credentials" time="0"/>
  <testcase name="And I enter password" classname="Scenario: login using valid credentials" time="0"/>
  <testcase name="When I click the login button" classname="Scenario: login using valid credentials" time="0"/>
  <testcase name="Then I see the dashboard" classname="Scenario: login using valid credentials" time="0"/>
  <testcase name="Scenario: login using valid credentials" classname="Scenario: login using valid credentials" time="0"/>
</testsuite>